E:\WORKSPACE\OTHER\OPENGL\GLTOOLS\WIN32\DEBUG\GLBATCH.OBJ
E:\WORKSPACE\OTHER\OPENGL\GLTOOLS\WIN32\DEBUG\GLSHADERMANAGER.OBJ
E:\WORKSPACE\OTHER\OPENGL\GLTOOLS\WIN32\DEBUG\GLTOOLS.OBJ
E:\WORKSPACE\OTHER\OPENGL\GLTOOLS\WIN32\DEBUG\GLTRIANGLEBATCH.OBJ
E:\WORKSPACE\OTHER\OPENGL\GLTOOLS\WIN32\DEBUG\MATH3D.OBJ
E:\WORKSPACE\OTHER\OPENGL\GLTOOLS\WIN32\DEBUG\MAIN.OBJ
E:\WORKSPACE\OTHER\OPENGL\GLTOOLS\WIN32\DEBUG\VC110.PDB
E:\WORKSPACE\OTHER\OPENGL\BUILD\DEBUG\GLTOOLS.ILK
E:\WORKSPACE\OTHER\OPENGL\BUILD\DEBUG\GLTOOLS.EXE
E:\WORKSPACE\OTHER\OPENGL\BUILD\DEBUG\GLTOOLS.PDB
E:\workspace\other\opengl\glTools\win32\Debug\GLBatch.obj
E:\workspace\other\opengl\glTools\win32\Debug\GLShaderManager.obj
E:\workspace\other\opengl\glTools\win32\Debug\GLTools.obj
E:\workspace\other\opengl\glTools\win32\Debug\GLTriangleBatch.obj
E:\workspace\other\opengl\glTools\win32\Debug\Main.obj
E:\workspace\other\opengl\glTools\win32\Debug\math3d.obj
E:\workspace\other\opengl\glTools\win32\Debug\cl.command.1.tlog
E:\workspace\other\opengl\glTools\win32\Debug\CL.read.1.tlog
E:\workspace\other\opengl\glTools\win32\Debug\CL.write.1.tlog
E:\workspace\other\opengl\glTools\win32\Debug\link-cvtres.read.1.tlog
E:\workspace\other\opengl\glTools\win32\Debug\link-cvtres.write.1.tlog
E:\workspace\other\opengl\glTools\win32\Debug\link-rc.read.1.tlog
E:\workspace\other\opengl\glTools\win32\Debug\link-rc.write.1.tlog
E:\workspace\other\opengl\glTools\win32\Debug\link.command.1.tlog
E:\workspace\other\opengl\glTools\win32\Debug\link.read.1.tlog
E:\workspace\other\opengl\glTools\win32\Debug\link.write.1.tlog
E:\workspace\other\opengl\glTools\win32\Debug\vc110.idb
E:\workspace\other\opengl\glTools\win32\Debug\vc110.pdb
E:\workspace\other\opengl\build\Debug\glTools.pdb
E:\workspace\other\opengl\build\Debug\glTools.exe
E:\workspace\other\opengl\build\Debug\glTools.ilk
