E:\WORKSPACE\ANDROID\COCOSGL\AAA\WIN32\DEBUG\AAA.EXE.INTERMEDIATE.MANIFEST
E:\workspace\Android\cocosGL\aaa\win32\Debug\aaa.vcxprojResolveAssemblyReference.cache
E:\workspace\Android\cocosGL\aaa\win32\Debug\aaa.write.1.tlog
E:\workspace\Android\cocosGL\aaa\win32\Debug\cl.command.1.tlog
E:\workspace\Android\cocosGL\aaa\win32\Debug\CL.read.1.tlog
E:\workspace\Android\cocosGL\aaa\win32\Debug\CL.read.4.tlog
E:\workspace\Android\cocosGL\aaa\win32\Debug\CL.write.1.tlog
E:\WORKSPACE\ANDROID\COCOSGL\AAA\WIN32\DEBUG\COLOR.OBJ
E:\WORKSPACE\ANDROID\COCOSGL\AAA\WIN32\DEBUG\FILEUTILS.OBJ
E:\WORKSPACE\ANDROID\COCOSGL\AAA\WIN32\DEBUG\GEOMETRY.OBJ
E:\WORKSPACE\ANDROID\COCOSGL\AAA\WIN32\DEBUG\GLLIGHT.OBJ
E:\WORKSPACE\ANDROID\COCOSGL\AAA\WIN32\DEBUG\GLSHADERMGR.OBJ
E:\WORKSPACE\ANDROID\COCOSGL\AAA\WIN32\DEBUG\GLSHADERPROGRAM.OBJ
E:\workspace\Android\cocosGL\aaa\win32\Debug\link.command.1.tlog
E:\workspace\Android\cocosGL\aaa\win32\Debug\link.read.1.tlog
E:\workspace\Android\cocosGL\aaa\win32\Debug\link.write.1.tlog
E:\WORKSPACE\ANDROID\COCOSGL\AAA\WIN32\DEBUG\MAIN.OBJ
E:\WORKSPACE\ANDROID\COCOSGL\AAA\WIN32\DEBUG\MAINTEST.OBJ
E:\WORKSPACE\ANDROID\COCOSGL\AAA\WIN32\DEBUG\MATRIX3X3.OBJ
E:\WORKSPACE\ANDROID\COCOSGL\AAA\WIN32\DEBUG\MATRIX4X4.OBJ
E:\WORKSPACE\ANDROID\COCOSGL\AAA\WIN32\DEBUG\MATRIXPOOL.OBJ
E:\workspace\Android\cocosGL\aaa\win32\Debug\mt.command.1.tlog
E:\workspace\Android\cocosGL\aaa\win32\Debug\mt.read.1.tlog
E:\workspace\Android\cocosGL\aaa\win32\Debug\mt.write.1.tlog
E:\WORKSPACE\ANDROID\COCOSGL\AAA\WIN32\DEBUG\TIMER.OBJ
E:\workspace\Android\cocosGL\aaa\win32\Debug\vc100.idb
E:\WORKSPACE\ANDROID\COCOSGL\AAA\WIN32\DEBUG\VC100.PDB
E:\WORKSPACE\ANDROID\COCOSGL\AAA\WIN32\DEBUG\VECTOR3.OBJ
E:\WORKSPACE\ANDROID\COCOSGL\AAA\WIN32\DEBUG\VECTOR4.OBJ
E:\WORKSPACE\ANDROID\COCOSGL\BUILD\DEBUG\AAA.EXE
E:\WORKSPACE\ANDROID\COCOSGL\BUILD\DEBUG\AAA.ILK
E:\WORKSPACE\ANDROID\COCOSGL\BUILD\DEBUG\AAA.PDB
