E:\WORKSPACE\ANDROID\COCOSGL\BUILD\DEBUG\CCC.EXE
E:\WORKSPACE\ANDROID\COCOSGL\BUILD\DEBUG\CCC.ILK
E:\WORKSPACE\ANDROID\COCOSGL\BUILD\DEBUG\CCC.PDB
E:\WORKSPACE\ANDROID\COCOSGL\CCC\WIN32\DEBUG\CCC.EXE.INTERMEDIATE.MANIFEST
E:\workspace\Android\cocosGL\ccc\win32\Debug\ccc.write.1.tlog
E:\workspace\Android\cocosGL\ccc\win32\Debug\cl.command.1.tlog
E:\workspace\Android\cocosGL\ccc\win32\Debug\CL.read.1.tlog
E:\workspace\Android\cocosGL\ccc\win32\Debug\CL.write.1.tlog
E:\WORKSPACE\ANDROID\COCOSGL\CCC\WIN32\DEBUG\GLBATCH.OBJ
E:\WORKSPACE\ANDROID\COCOSGL\CCC\WIN32\DEBUG\GLSHADERMANAGER.OBJ
E:\WORKSPACE\ANDROID\COCOSGL\CCC\WIN32\DEBUG\GLTOOLS.OBJ
E:\WORKSPACE\ANDROID\COCOSGL\CCC\WIN32\DEBUG\GLTRIANGLEBATCH.OBJ
E:\workspace\Android\cocosGL\ccc\win32\Debug\link.command.1.tlog
E:\workspace\Android\cocosGL\ccc\win32\Debug\link.read.1.tlog
E:\workspace\Android\cocosGL\ccc\win32\Debug\link.write.1.tlog
E:\WORKSPACE\ANDROID\COCOSGL\CCC\WIN32\DEBUG\MAIN.OBJ
E:\WORKSPACE\ANDROID\COCOSGL\CCC\WIN32\DEBUG\MATH3D.OBJ
E:\workspace\Android\cocosGL\ccc\win32\Debug\mt.command.1.tlog
E:\workspace\Android\cocosGL\ccc\win32\Debug\mt.read.1.tlog
E:\workspace\Android\cocosGL\ccc\win32\Debug\mt.write.1.tlog
E:\workspace\Android\cocosGL\ccc\win32\Debug\vc100.idb
E:\WORKSPACE\ANDROID\COCOSGL\CCC\WIN32\DEBUG\VC100.PDB
