E:\WORKSPACE\OTHER\OPENGL\COCOSGL\AAA\WIN32\DEBUG\COLOR.OBJ
E:\WORKSPACE\OTHER\OPENGL\COCOSGL\AAA\WIN32\DEBUG\GEOMETRY.OBJ
E:\WORKSPACE\OTHER\OPENGL\COCOSGL\AAA\WIN32\DEBUG\TIMER.OBJ
E:\WORKSPACE\OTHER\OPENGL\COCOSGL\AAA\WIN32\DEBUG\FFMPEGTEST.OBJ
E:\WORKSPACE\OTHER\OPENGL\COCOSGL\AAA\WIN32\DEBUG\FILEUTILS.OBJ
E:\WORKSPACE\OTHER\OPENGL\COCOSGL\AAA\WIN32\DEBUG\MAIN.OBJ
E:\WORKSPACE\OTHER\OPENGL\COCOSGL\AAA\WIN32\DEBUG\MAINTEST.OBJ
E:\WORKSPACE\OTHER\OPENGL\COCOSGL\AAA\WIN32\DEBUG\MATRIX3X3.OBJ
E:\WORKSPACE\OTHER\OPENGL\COCOSGL\AAA\WIN32\DEBUG\MATRIX4X4.OBJ
E:\WORKSPACE\OTHER\OPENGL\COCOSGL\AAA\WIN32\DEBUG\MATRIXPOOL.OBJ
E:\WORKSPACE\OTHER\OPENGL\COCOSGL\AAA\WIN32\DEBUG\VECTOR3.OBJ
E:\WORKSPACE\OTHER\OPENGL\COCOSGL\AAA\WIN32\DEBUG\VECTOR4.OBJ
E:\WORKSPACE\OTHER\OPENGL\COCOSGL\AAA\WIN32\DEBUG\GLLIGHT.OBJ
E:\WORKSPACE\OTHER\OPENGL\COCOSGL\AAA\WIN32\DEBUG\GLSHADERMGR.OBJ
E:\WORKSPACE\OTHER\OPENGL\COCOSGL\AAA\WIN32\DEBUG\GLSHADERPROGRAM.OBJ
E:\WORKSPACE\OTHER\OPENGL\COCOSGL\AAA\WIN32\DEBUG\IMAGE.OBJ
E:\WORKSPACE\OTHER\OPENGL\COCOSGL\AAA\WIN32\DEBUG\SPRITE.OBJ
E:\WORKSPACE\OTHER\OPENGL\COCOSGL\AAA\WIN32\DEBUG\TEXTURE.OBJ
E:\WORKSPACE\OTHER\OPENGL\COCOSGL\AAA\WIN32\DEBUG\SCHEDULE.OBJ
E:\WORKSPACE\OTHER\OPENGL\COCOSGL\AAA\WIN32\DEBUG\AVVIDEO.OBJ
E:\WORKSPACE\OTHER\OPENGL\COCOSGL\AAA\WIN32\DEBUG\AVVIDEODECODE.OBJ
E:\WORKSPACE\OTHER\OPENGL\COCOSGL\AAA\WIN32\DEBUG\DECODETHREAD.OBJ
E:\WORKSPACE\OTHER\OPENGL\COCOSGL\AAA\WIN32\DEBUG\VC110.PDB
E:\WORKSPACE\OTHER\OPENGL\COCOSGL\BUILD\DEBUG\AAA.ILK
E:\WORKSPACE\OTHER\OPENGL\COCOSGL\BUILD\DEBUG\AAA.EXE
E:\WORKSPACE\OTHER\OPENGL\COCOSGL\BUILD\DEBUG\AAA.PDB
E:\workspace\other\opengl\cocosGL\aaa\win32\Debug\AVVideo.obj
E:\workspace\other\opengl\cocosGL\aaa\win32\Debug\AVVideoDecode.obj
E:\workspace\other\opengl\cocosGL\aaa\win32\Debug\Color.obj
E:\workspace\other\opengl\cocosGL\aaa\win32\Debug\DecodeThread.obj
E:\workspace\other\opengl\cocosGL\aaa\win32\Debug\ffmpegTest.obj
E:\workspace\other\opengl\cocosGL\aaa\win32\Debug\FileUtils.obj
E:\workspace\other\opengl\cocosGL\aaa\win32\Debug\Geometry.obj
E:\workspace\other\opengl\cocosGL\aaa\win32\Debug\GLLight.obj
E:\workspace\other\opengl\cocosGL\aaa\win32\Debug\GLShaderMgr.obj
E:\workspace\other\opengl\cocosGL\aaa\win32\Debug\GLShaderProgram.obj
E:\workspace\other\opengl\cocosGL\aaa\win32\Debug\Image.obj
E:\workspace\other\opengl\cocosGL\aaa\win32\Debug\Main.obj
E:\workspace\other\opengl\cocosGL\aaa\win32\Debug\MainTest.obj
E:\workspace\other\opengl\cocosGL\aaa\win32\Debug\Matrix3x3.obj
E:\workspace\other\opengl\cocosGL\aaa\win32\Debug\Matrix4x4.obj
E:\workspace\other\opengl\cocosGL\aaa\win32\Debug\MatrixPool.obj
E:\workspace\other\opengl\cocosGL\aaa\win32\Debug\schedule.obj
E:\workspace\other\opengl\cocosGL\aaa\win32\Debug\Sprite.obj
E:\workspace\other\opengl\cocosGL\aaa\win32\Debug\Texture.obj
E:\workspace\other\opengl\cocosGL\aaa\win32\Debug\timer.obj
E:\workspace\other\opengl\cocosGL\aaa\win32\Debug\Vector3.obj
E:\workspace\other\opengl\cocosGL\aaa\win32\Debug\Vector4.obj
E:\workspace\other\opengl\cocosGL\aaa\win32\Debug\cl.command.1.tlog
E:\workspace\other\opengl\cocosGL\aaa\win32\Debug\CL.read.1.tlog
E:\workspace\other\opengl\cocosGL\aaa\win32\Debug\CL.write.1.tlog
E:\workspace\other\opengl\cocosGL\aaa\win32\Debug\link.6264-cvtres.read.1.tlog
E:\workspace\other\opengl\cocosGL\aaa\win32\Debug\link.6264-cvtres.write.1.tlog
E:\workspace\other\opengl\cocosGL\aaa\win32\Debug\link.6264-rc.read.1.tlog
E:\workspace\other\opengl\cocosGL\aaa\win32\Debug\link.6264-rc.write.1.tlog
E:\workspace\other\opengl\cocosGL\aaa\win32\Debug\link.6264.read.1.tlog
E:\workspace\other\opengl\cocosGL\aaa\win32\Debug\link.6264.write.1.tlog
E:\workspace\other\opengl\cocosGL\aaa\win32\Debug\link.command.1.tlog
E:\workspace\other\opengl\cocosGL\aaa\win32\Debug\link.read.1.tlog
E:\workspace\other\opengl\cocosGL\aaa\win32\Debug\link.write.1.tlog
E:\workspace\other\opengl\cocosGL\aaa\win32\Debug\vc110.idb
E:\workspace\other\opengl\cocosGL\aaa\win32\Debug\vc110.pdb
